<?xml version="1.0" encoding="UTF-8"?>
<testsuites errors="0" failures="2" skipped="0" tests="2" time="28.26895" timestamp="2014-11-02T19:27:36+08:00">
</testsuites>
